Build started 3/31/2015 9:29:37 PM.
     1>Project "C:\Users\Chris Stafford\Documents\Visual Studio 2013\Projects\Game Physics\GamePhys_Project2\GamePhys_Project1\GamePhys_Project1.vcxproj" on node 2 (Build target(s)).
     1>C:\Program Files (x86)\MSBuild\Microsoft.Cpp\v4.0\V120\Microsoft.CppBuild.targets(388,5): warning MSB8028: The intermediate directory (Debug\) contains files shared from another project (GamePhys_Project1.vcxproj).  This can lead to incorrect clean and rebuild behavior.
     1>ClCompile:
         C:\Program Files (x86)\Microsoft Visual Studio 12.0\VC\bin\CL.exe /c /Iinclude /I"..\..\OpenGL\glew-1.11.0\include" /I..\..\OpenGL\freeglut\include /ZI /nologo /W3 /WX- /sdl /Od /Oy- /D _MBCS /Gm /EHsc /RTC1 /MDd /GS /fp:precise /Zc:wchar_t /Zc:forScope /Fo"Debug\\" /Fd"Debug\vc120.pdb" /Gd /TP /analyze- /errorReport:prompt Bungie.cpp Cable.cpp Camera.cpp Color.cpp Connections.cpp Cube.cpp DragGenerator.cpp ForceGenerator.cpp Game.cpp Globals.h GraphicsSystem.cpp GravityForceGenerator.cpp Ground.cpp GroundContactGenerator.cpp InputManager.cpp Main.cpp Particle.cpp ParticleContact.cpp ParticleContactGenerator.cpp ParticleContactResolver.cpp ParticleForceRegistry.cpp ParticleSystem.cpp Planet.cpp PlanetaryGravityGenerator.cpp Rod.cpp Shape.cpp Spring.cpp Text.cpp Vector2.cpp Vector3.cpp
         Vector3.cpp
         Vector2.cpp
         Text.cpp
         Spring.cpp
         Shape.cpp
         Rod.cpp
         PlanetaryGravityGenerator.cpp
         Planet.cpp
         ParticleSystem.cpp
         ParticleForceRegistry.cpp
         ParticleContactResolver.cpp
         ParticleContactGenerator.cpp
         ParticleContact.cpp
         Particle.cpp
         Main.cpp
         InputManager.cpp
         GroundContactGenerator.cpp
         Ground.cpp
         GravityForceGenerator.cpp
         GraphicsSystem.cpp
         Generating Code...
         Compiling...
         Globals.h
         Game.cpp
         ForceGenerator.cpp
         DragGenerator.cpp
         Cube.cpp
         Connections.cpp
         Color.cpp
         Camera.cpp
         Cable.cpp
         Bungie.cpp
         Generating Code...
       Link:
         C:\Program Files (x86)\Microsoft Visual Studio 12.0\VC\bin\link.exe /ERRORREPORT:PROMPT /OUT:"C:\Users\Chris Stafford\Documents\Visual Studio 2013\Projects\Game Physics\GamePhys_Project2\Debug\GamePhys_Project2.exe" /INCREMENTAL /NOLOGO /LIBPATH:"lib-msvc120" /LIBPATH:..\..\OpenGL\freeglut\lib /LIBPATH:"..\..\OpenGL\glew-1.11.0\lib" glew32.lib freeglut.lib glfw3dll.lib opengl32.lib glu32.lib kernel32.lib user32.lib gdi32.lib winspool.lib comdlg32.lib advapi32.lib shell32.lib ole32.lib oleaut32.lib uuid.lib odbc32.lib odbccp32.lib /MANIFEST /MANIFESTUAC:"level='asInvoker' uiAccess='false'" /manifest:embed /DEBUG /PDB:"C:\Users\Chris Stafford\Documents\Visual Studio 2013\Projects\Game Physics\GamePhys_Project2\Debug\GamePhys_Project2.pdb" /TLBID:1 /DYNAMICBASE /NXCOMPAT /IMPLIB:"C:\Users\Chris Stafford\Documents\Visual Studio 2013\Projects\Game Physics\GamePhys_Project2\Debug\GamePhys_Project2.lib" /MACHINE:X86 Debug\Bungie.obj
         Debug\Cable.obj
         Debug\Camera.obj
         Debug\Color.obj
         Debug\Connections.obj
         Debug\Cube.obj
         Debug\DragGenerator.obj
         Debug\ForceGenerator.obj
         Debug\Game.obj
         Debug\Globals.obj
         Debug\GraphicsSystem.obj
         Debug\GravityForceGenerator.obj
         Debug\Ground.obj
         Debug\GroundContactGenerator.obj
         Debug\InputManager.obj
         Debug\Main.obj
         Debug\Particle.obj
         Debug\ParticleContact.obj
         Debug\ParticleContactGenerator.obj
         Debug\ParticleContactResolver.obj
         Debug\ParticleForceRegistry.obj
         Debug\ParticleSystem.obj
         Debug\Planet.obj
         Debug\PlanetaryGravityGenerator.obj
         Debug\Rod.obj
         Debug\Shape.obj
         Debug\Spring.obj
         Debug\Text.obj
         Debug\Vector2.obj
         Debug\Vector3.obj
         GamePhys_Project1.vcxproj -> C:\Users\Chris Stafford\Documents\Visual Studio 2013\Projects\Game Physics\GamePhys_Project2\Debug\GamePhys_Project2.exe
     1>Done Building Project "C:\Users\Chris Stafford\Documents\Visual Studio 2013\Projects\Game Physics\GamePhys_Project2\GamePhys_Project1\GamePhys_Project1.vcxproj" (Build target(s)).

Build succeeded.

Time Elapsed 00:00:37.58
