c:\users\chris stafford\documents\visual studio 2013\projects\game physics\gamephys_project1\gamephys_project1\release\vc120.pdb
c:\users\chris stafford\documents\visual studio 2013\projects\game physics\gamephys_project1\gamephys_project1\release\vector2.obj
c:\users\chris stafford\documents\visual studio 2013\projects\game physics\gamephys_project1\gamephys_project1\release\transform.obj
c:\users\chris stafford\documents\visual studio 2013\projects\game physics\gamephys_project1\gamephys_project1\release\text.obj
c:\users\chris stafford\documents\visual studio 2013\projects\game physics\gamephys_project1\gamephys_project1\release\shape.obj
c:\users\chris stafford\documents\visual studio 2013\projects\game physics\gamephys_project1\gamephys_project1\release\planetarygravitygenerator.obj
c:\users\chris stafford\documents\visual studio 2013\projects\game physics\gamephys_project1\gamephys_project1\release\planet.obj
c:\users\chris stafford\documents\visual studio 2013\projects\game physics\gamephys_project1\gamephys_project1\release\particlesystem.obj
c:\users\chris stafford\documents\visual studio 2013\projects\game physics\gamephys_project1\gamephys_project1\release\particleforceregistry.obj
c:\users\chris stafford\documents\visual studio 2013\projects\game physics\gamephys_project1\gamephys_project1\release\particle.obj
c:\users\chris stafford\documents\visual studio 2013\projects\game physics\gamephys_project1\gamephys_project1\release\main.obj
c:\users\chris stafford\documents\visual studio 2013\projects\game physics\gamephys_project1\gamephys_project1\release\inputmanager.obj
c:\users\chris stafford\documents\visual studio 2013\projects\game physics\gamephys_project1\gamephys_project1\release\gravityforcegenerator.obj
c:\users\chris stafford\documents\visual studio 2013\projects\game physics\gamephys_project1\gamephys_project1\release\graphicssystem.obj
c:\users\chris stafford\documents\visual studio 2013\projects\game physics\gamephys_project1\gamephys_project1\release\globals.obj
c:\users\chris stafford\documents\visual studio 2013\projects\game physics\gamephys_project1\gamephys_project1\release\game.obj
c:\users\chris stafford\documents\visual studio 2013\projects\game physics\gamephys_project1\gamephys_project1\release\forcegenerator.obj
c:\users\chris stafford\documents\visual studio 2013\projects\game physics\gamephys_project1\gamephys_project1\release\draggenerator.obj
c:\users\chris stafford\documents\visual studio 2013\projects\game physics\gamephys_project1\gamephys_project1\release\cube.obj
c:\users\chris stafford\documents\visual studio 2013\projects\game physics\gamephys_project1\gamephys_project1\release\color.obj
c:\users\chris stafford\documents\visual studio 2013\projects\game physics\gamephys_project1\gamephys_project1\release\camera.obj
c:\users\chris stafford\documents\visual studio 2013\projects\game physics\gamephys_project1\gamephys_project1\release\vector3.obj
c:\users\chris stafford\documents\visual studio 2013\projects\game physics\gamephys_project2\gamephys_project1\release\vc120.pdb
c:\users\chris stafford\documents\visual studio 2013\projects\game physics\gamephys_project2\gamephys_project1\release\vector2.obj
c:\users\chris stafford\documents\visual studio 2013\projects\game physics\gamephys_project2\gamephys_project1\release\transform.obj
c:\users\chris stafford\documents\visual studio 2013\projects\game physics\gamephys_project2\gamephys_project1\release\text.obj
c:\users\chris stafford\documents\visual studio 2013\projects\game physics\gamephys_project2\gamephys_project1\release\shape.obj
c:\users\chris stafford\documents\visual studio 2013\projects\game physics\gamephys_project2\gamephys_project1\release\planetarygravitygenerator.obj
c:\users\chris stafford\documents\visual studio 2013\projects\game physics\gamephys_project2\gamephys_project1\release\planet.obj
c:\users\chris stafford\documents\visual studio 2013\projects\game physics\gamephys_project2\gamephys_project1\release\particlesystem.obj
c:\users\chris stafford\documents\visual studio 2013\projects\game physics\gamephys_project2\gamephys_project1\release\particleforceregistry.obj
c:\users\chris stafford\documents\visual studio 2013\projects\game physics\gamephys_project2\gamephys_project1\release\particle.obj
c:\users\chris stafford\documents\visual studio 2013\projects\game physics\gamephys_project2\gamephys_project1\release\main.obj
c:\users\chris stafford\documents\visual studio 2013\projects\game physics\gamephys_project2\gamephys_project1\release\inputmanager.obj
c:\users\chris stafford\documents\visual studio 2013\projects\game physics\gamephys_project2\gamephys_project1\release\gravityforcegenerator.obj
c:\users\chris stafford\documents\visual studio 2013\projects\game physics\gamephys_project2\gamephys_project1\release\graphicssystem.obj
c:\users\chris stafford\documents\visual studio 2013\projects\game physics\gamephys_project2\gamephys_project1\release\globals.obj
c:\users\chris stafford\documents\visual studio 2013\projects\game physics\gamephys_project2\gamephys_project1\release\game.obj
c:\users\chris stafford\documents\visual studio 2013\projects\game physics\gamephys_project2\gamephys_project1\release\forcegenerator.obj
c:\users\chris stafford\documents\visual studio 2013\projects\game physics\gamephys_project2\gamephys_project1\release\draggenerator.obj
c:\users\chris stafford\documents\visual studio 2013\projects\game physics\gamephys_project2\gamephys_project1\release\cube.obj
c:\users\chris stafford\documents\visual studio 2013\projects\game physics\gamephys_project2\gamephys_project1\release\color.obj
c:\users\chris stafford\documents\visual studio 2013\projects\game physics\gamephys_project2\gamephys_project1\release\camera.obj
c:\users\chris stafford\documents\visual studio 2013\projects\game physics\gamephys_project2\gamephys_project1\release\vector3.obj
c:\users\chris stafford\documents\visual studio 2013\projects\game physics\gamephys_project2\gamephys_project1\release\ground.obj
c:\users\chris stafford\documents\visual studio 2013\projects\game physics\gamephys_project2\gamephys_project1\release\particlecontactresolver.obj
c:\users\chris stafford\documents\visual studio 2013\projects\game physics\gamephys_project2\gamephys_project1\release\particlecontactgenerator.obj
c:\users\chris stafford\documents\visual studio 2013\projects\game physics\gamephys_project2\gamephys_project1\release\groundcontactgenerator.obj
c:\users\chris stafford\documents\visual studio 2013\projects\game physics\gamephys_project2\gamephys_project1\release\particlecontact.obj
c:\users\chris stafford\documents\visual studio 2013\projects\game physics\gamephys_project2\gamephys_project1\release\connections.obj
c:\users\chris stafford\documents\visual studio 2013\projects\game physics\gamephys_project2\gamephys_project1\release\rod.obj
c:\users\chris stafford\documents\visual studio 2013\projects\game physics\gamephys_project2\gamephys_project1\release\cable.obj
c:\users\chris stafford\documents\visual studio 2013\projects\game physics\gamephys_project1\release\gamephys_project1.exe
c:\users\chris stafford\documents\visual studio 2013\projects\game physics\gamephys_project1\release\gamephys_project1.pdb
c:\users\chris stafford\documents\visual studio 2013\projects\game physics\gamephys_project2\release\gamephys_project2.exe
c:\users\chris stafford\documents\visual studio 2013\projects\game physics\gamephys_project2\release\gamephys_project2.pdb
c:\users\chris stafford\documents\visual studio 2013\projects\game physics\gamephys_project2\gamephys_project1\release\gamephys.ce879f51.tlog\cl.command.1.tlog
c:\users\chris stafford\documents\visual studio 2013\projects\game physics\gamephys_project2\gamephys_project1\release\gamephys.ce879f51.tlog\cl.read.1.tlog
c:\users\chris stafford\documents\visual studio 2013\projects\game physics\gamephys_project2\gamephys_project1\release\gamephys.ce879f51.tlog\cl.write.1.tlog
c:\users\chris stafford\documents\visual studio 2013\projects\game physics\gamephys_project2\gamephys_project1\release\gamephys.ce879f51.tlog\link.command.1.tlog
c:\users\chris stafford\documents\visual studio 2013\projects\game physics\gamephys_project2\gamephys_project1\release\gamephys.ce879f51.tlog\link.read.1.tlog
c:\users\chris stafford\documents\visual studio 2013\projects\game physics\gamephys_project2\gamephys_project1\release\gamephys.ce879f51.tlog\link.write.1.tlog
