Build started 3/31/2015 9:36:52 PM.
     1>Project "C:\Users\Chris Stafford\Documents\Visual Studio 2013\Projects\Game Physics\GamePhys_Project2\GamePhys_Project1\GamePhys_Project1.vcxproj" on node 2 (Build target(s)).
     1>C:\Program Files (x86)\MSBuild\Microsoft.Cpp\v4.0\V120\Microsoft.CppBuild.targets(388,5): warning MSB8028: The intermediate directory (Release\) contains files shared from another project (GamePhys_Project1.vcxproj).  This can lead to incorrect clean and rebuild behavior.
     1>ClCompile:
         C:\Program Files (x86)\Microsoft Visual Studio 12.0\VC\bin\CL.exe /c /Iinclude /I"..\..\OpenGL\glew-1.11.0\include" /I..\..\OpenGL\freeglut\include /Zi /nologo /W3 /WX- /sdl /O2 /Oi /Oy- /GL /D _MBCS /Gm- /EHsc /MD /GS /Gy /fp:precise /Zc:wchar_t /Zc:forScope /Fo"Release\\" /Fd"Release\vc120.pdb" /Gd /TP /analyze- /errorReport:prompt GraphicsSystem.cpp
         GraphicsSystem.cpp
       Link:
         C:\Program Files (x86)\Microsoft Visual Studio 12.0\VC\bin\link.exe /ERRORREPORT:PROMPT /OUT:"C:\Users\Chris Stafford\Documents\Visual Studio 2013\Projects\Game Physics\GamePhys_Project2\Release\GamePhys_Project2.exe" /NOLOGO /LIBPATH:"lib-msvc120" /LIBPATH:..\..\OpenGL\freeglut\lib /LIBPATH:"..\..\OpenGL\glew-1.11.0\lib" glew32.lib freeglut.lib glfw3dll.lib opengl32.lib glu32.lib kernel32.lib user32.lib gdi32.lib winspool.lib comdlg32.lib advapi32.lib shell32.lib ole32.lib oleaut32.lib uuid.lib odbc32.lib odbccp32.lib /MANIFEST /MANIFESTUAC:"level='asInvoker' uiAccess='false'" /manifest:embed /DEBUG /PDB:"C:\Users\Chris Stafford\Documents\Visual Studio 2013\Projects\Game Physics\GamePhys_Project2\Release\GamePhys_Project2.pdb" /OPT:REF /OPT:ICF /LTCG /TLBID:1 /DYNAMICBASE /NXCOMPAT /IMPLIB:"C:\Users\Chris Stafford\Documents\Visual Studio 2013\Projects\Game Physics\GamePhys_Project2\Release\GamePhys_Project2.lib" /MACHINE:X86 /SAFESEH Release\Bungie.obj
         Release\Cable.obj
         Release\Camera.obj
         Release\Color.obj
         Release\Connections.obj
         Release\Cube.obj
         Release\DragGenerator.obj
         Release\ForceGenerator.obj
         Release\Game.obj
         Release\Globals.obj
         Release\GraphicsSystem.obj
         Release\GravityForceGenerator.obj
         Release\Ground.obj
         Release\GroundContactGenerator.obj
         Release\InputManager.obj
         Release\Main.obj
         Release\Particle.obj
         Release\ParticleContact.obj
         Release\ParticleContactGenerator.obj
         Release\ParticleContactResolver.obj
         Release\ParticleForceRegistry.obj
         Release\ParticleSystem.obj
         Release\Planet.obj
         Release\PlanetaryGravityGenerator.obj
         Release\Rod.obj
         Release\Shape.obj
         Release\Spring.obj
         Release\Text.obj
         Release\Vector2.obj
         Release\Vector3.obj
         Generating code
     1>c:\users\chris stafford\documents\visual studio 2013\projects\game physics\gamephys_project2\gamephys_project1\game.cpp(13): warning C4722: 'Game::~Game' : destructor never returns, potential memory leak
         Finished generating code
         GamePhys_Project1.vcxproj -> C:\Users\Chris Stafford\Documents\Visual Studio 2013\Projects\Game Physics\GamePhys_Project2\Release\GamePhys_Project2.exe
     1>Done Building Project "C:\Users\Chris Stafford\Documents\Visual Studio 2013\Projects\Game Physics\GamePhys_Project2\GamePhys_Project1\GamePhys_Project1.vcxproj" (Build target(s)).

Build succeeded.

Time Elapsed 00:00:04.34
