Build started 2/18/2015 4:02:15 PM.
     1>Project "C:\Users\Chris Stafford\Documents\Visual Studio 2013\Projects\Game Physics\GamePhys_Project1\GamePhys_Project1\GamePhys_Project1.vcxproj" on node 2 (Build target(s)).
     1>ClCompile:
         C:\Program Files (x86)\Microsoft Visual Studio 12.0\VC\bin\CL.exe /c /Iinclude /I"..\..\OpenGL\glew-1.11.0\include" /I..\..\OpenGL\freeglut\include /Zi /nologo /W3 /WX- /sdl /O2 /Oi /Oy- /GL /D _MBCS /Gm- /EHsc /MD /GS /Gy /fp:precise /Zc:wchar_t /Zc:forScope /Fo"Release\\" /Fd"Release\vc120.pdb" /Gd /TP /analyze- /errorReport:prompt Camera.cpp Color.cpp Cube.cpp DragGenerator.cpp ForceGenerator.cpp Game.cpp Globals.h GraphicsSystem.cpp GravityForceGenerator.cpp InputManager.cpp Main.cpp Particle.cpp ParticleForceRegistry.cpp ParticleSystem.cpp Planet.cpp PlanetaryGravityGenerator.cpp Shape.cpp Text.cpp Transform.cpp Vector2.cpp Vector3.cpp
         Camera.cpp
         Color.cpp
         Cube.cpp
     1>Cube.cpp(19): warning C4244: 'argument' : conversion from 'double' to 'GLfloat', possible loss of data
     1>Cube.cpp(21): warning C4244: 'argument' : conversion from 'double' to 'GLfloat', possible loss of data
     1>Cube.cpp(22): warning C4244: 'argument' : conversion from 'double' to 'GLfloat', possible loss of data
     1>Cube.cpp(23): warning C4244: 'argument' : conversion from 'double' to 'GLfloat', possible loss of data
         DragGenerator.cpp
         ForceGenerator.cpp
         Game.cpp
     1>Game.cpp(44): warning C4018: '<' : signed/unsigned mismatch
         Globals.h
         GraphicsSystem.cpp
         GravityForceGenerator.cpp
         InputManager.cpp
         Main.cpp
         Particle.cpp
         ParticleForceRegistry.cpp
         ParticleSystem.cpp
         Planet.cpp
         PlanetaryGravityGenerator.cpp
         Shape.cpp
         Text.cpp
     1>Text.cpp(37): warning C4018: '<' : signed/unsigned mismatch
         Transform.cpp
         Vector2.cpp
         Compiling...
         Vector3.cpp
       Link:
         C:\Program Files (x86)\Microsoft Visual Studio 12.0\VC\bin\link.exe /ERRORREPORT:PROMPT /OUT:"C:\Users\Chris Stafford\Documents\Visual Studio 2013\Projects\Game Physics\GamePhys_Project1\Release\GamePhys_Project1.exe" /NOLOGO /LIBPATH:"lib-msvc120" /LIBPATH:..\..\OpenGL\freeglut\lib /LIBPATH:"..\..\OpenGL\glew-1.11.0\lib" glew32.lib freeglut.lib glfw3dll.lib opengl32.lib glu32.lib kernel32.lib user32.lib gdi32.lib winspool.lib comdlg32.lib advapi32.lib shell32.lib ole32.lib oleaut32.lib uuid.lib odbc32.lib odbccp32.lib /MANIFEST /MANIFESTUAC:"level='asInvoker' uiAccess='false'" /manifest:embed /DEBUG /PDB:"C:\Users\Chris Stafford\Documents\Visual Studio 2013\Projects\Game Physics\GamePhys_Project1\Release\GamePhys_Project1.pdb" /OPT:REF /OPT:ICF /LTCG /TLBID:1 /DYNAMICBASE /NXCOMPAT /IMPLIB:"C:\Users\Chris Stafford\Documents\Visual Studio 2013\Projects\Game Physics\GamePhys_Project1\Release\GamePhys_Project1.lib" /MACHINE:X86 /SAFESEH Release\Camera.obj
         Release\Color.obj
         Release\Cube.obj
         Release\DragGenerator.obj
         Release\ForceGenerator.obj
         Release\Game.obj
         Release\Globals.obj
         Release\GraphicsSystem.obj
         Release\GravityForceGenerator.obj
         Release\InputManager.obj
         Release\Main.obj
         Release\Particle.obj
         Release\ParticleForceRegistry.obj
         Release\ParticleSystem.obj
         Release\Planet.obj
         Release\PlanetaryGravityGenerator.obj
         Release\Shape.obj
         Release\Text.obj
         Release\Transform.obj
         Release\Vector2.obj
         Release\Vector3.obj
         Generating code
     1>c:\users\chris stafford\documents\visual studio 2013\projects\game physics\gamephys_project1\gamephys_project1\game.cpp(75): warning C4722: 'Game::~Game' : destructor never returns, potential memory leak
         Finished generating code
         GamePhys_Project1.vcxproj -> C:\Users\Chris Stafford\Documents\Visual Studio 2013\Projects\Game Physics\GamePhys_Project1\Release\GamePhys_Project1.exe
     1>Done Building Project "C:\Users\Chris Stafford\Documents\Visual Studio 2013\Projects\Game Physics\GamePhys_Project1\GamePhys_Project1\GamePhys_Project1.vcxproj" (Build target(s)).

Build succeeded.

Time Elapsed 00:00:26.60
