c:\users\chris stafford\documents\visual studio 2013\projects\game physics\gamephys_project1\gamephys_project1\debug\vc120.pdb
c:\users\chris stafford\documents\visual studio 2013\projects\game physics\gamephys_project1\gamephys_project1\debug\vc120.idb
c:\users\chris stafford\documents\visual studio 2013\projects\game physics\gamephys_project1\gamephys_project1\debug\camera.obj
c:\users\chris stafford\documents\visual studio 2013\projects\game physics\gamephys_project1\gamephys_project1\debug\game.obj
c:\users\chris stafford\documents\visual studio 2013\projects\game physics\gamephys_project1\gamephys_project1\debug\globals.obj
c:\users\chris stafford\documents\visual studio 2013\projects\game physics\gamephys_project1\gamephys_project1\debug\graphicssystem.obj
c:\users\chris stafford\documents\visual studio 2013\projects\game physics\gamephys_project1\gamephys_project1\debug\inputmanager.obj
c:\users\chris stafford\documents\visual studio 2013\projects\game physics\gamephys_project1\gamephys_project1\debug\main.obj
c:\users\chris stafford\documents\visual studio 2013\projects\game physics\gamephys_project1\gamephys_project1\debug\vector2.obj
c:\users\chris stafford\documents\visual studio 2013\projects\game physics\gamephys_project1\gamephys_project1\debug\vector3.obj
c:\users\chris stafford\documents\visual studio 2013\projects\game physics\gamephys_project1\gamephys_project1\debug\cube.obj
c:\users\chris stafford\documents\visual studio 2013\projects\game physics\gamephys_project1\gamephys_project1\debug\shape.obj
c:\users\chris stafford\documents\visual studio 2013\projects\game physics\gamephys_project1\gamephys_project1\debug\text.obj
c:\users\chris stafford\documents\visual studio 2013\projects\game physics\gamephys_project1\gamephys_project1\debug\draggenerator.obj
c:\users\chris stafford\documents\visual studio 2013\projects\game physics\gamephys_project1\gamephys_project1\debug\gravityforcegenerator.obj
c:\users\chris stafford\documents\visual studio 2013\projects\game physics\gamephys_project1\gamephys_project1\debug\particle.obj
c:\users\chris stafford\documents\visual studio 2013\projects\game physics\gamephys_project1\gamephys_project1\debug\transform.obj
c:\users\chris stafford\documents\visual studio 2013\projects\game physics\gamephys_project1\gamephys_project1\debug\color.obj
c:\users\chris stafford\documents\visual studio 2013\projects\game physics\gamephys_project1\gamephys_project1\debug\planet.obj
c:\users\chris stafford\documents\visual studio 2013\projects\game physics\gamephys_project1\gamephys_project1\debug\forcegenerator.obj
c:\users\chris stafford\documents\visual studio 2013\projects\game physics\gamephys_project1\gamephys_project1\debug\planetarygravitygenerator.obj
c:\users\chris stafford\documents\visual studio 2013\projects\game physics\gamephys_project1\gamephys_project1\debug\particlesystem.obj
c:\users\chris stafford\documents\visual studio 2013\projects\game physics\gamephys_project1\gamephys_project1\debug\particleforceregistry.obj
c:\users\chris stafford\documents\visual studio 2013\projects\game physics\gamephys_project1\debug\gamephys_project1.ilk
c:\users\chris stafford\documents\visual studio 2013\projects\game physics\gamephys_project1\debug\gamephys_project1.exe
c:\users\chris stafford\documents\visual studio 2013\projects\game physics\gamephys_project1\debug\gamephys_project1.pdb
c:\users\chris stafford\documents\visual studio 2013\projects\game physics\gamephys_project1\gamephys_project1\debug\gamephys.ce879f51.tlog\cl.command.1.tlog
c:\users\chris stafford\documents\visual studio 2013\projects\game physics\gamephys_project1\gamephys_project1\debug\gamephys.ce879f51.tlog\cl.read.1.tlog
c:\users\chris stafford\documents\visual studio 2013\projects\game physics\gamephys_project1\gamephys_project1\debug\gamephys.ce879f51.tlog\cl.write.1.tlog
c:\users\chris stafford\documents\visual studio 2013\projects\game physics\gamephys_project1\gamephys_project1\debug\gamephys.ce879f51.tlog\link.command.1.tlog
c:\users\chris stafford\documents\visual studio 2013\projects\game physics\gamephys_project1\gamephys_project1\debug\gamephys.ce879f51.tlog\link.read.1.tlog
c:\users\chris stafford\documents\visual studio 2013\projects\game physics\gamephys_project1\gamephys_project1\debug\gamephys.ce879f51.tlog\link.write.1.tlog
